This is pdfTeX, Version 3.141592653-2.6-1.40.29 (MiKTeX 26.2) (preloaded format=pdflatex 2026.5.8)  27 MAY 2026 12:29
entering extended mode
 restricted \write18 enabled.
 file:line:error style messages enabled.
 %&-line parsing enabled.
**c:/Users/gabri/Documents/quant-projects/FR_carma_quanto/paper/Pricing_and_Hedging_of_Quanto_Options_in_Renewable_Energy_Markets_using_CARMA/GPK26-new.tex
(c:/Users/gabri/Documents/quant-projects/FR_carma_quanto/paper/Pricing_and_Hedging_of_Quanto_Options_in_Renewable_Energy_Markets_using_CARMA/GPK26-new.tex
LaTeX2e <2025-11-01>
L3 programming layer <2026-03-20>
(C:\Users\gabri\AppData\Local\Programs\MiKTeX\tex/latex/amscls\amsart.cls
Document Class: amsart 2020/05/29 v2.20.6
\linespacing=\dimen150
\normalparindent=\dimen151
\normaltopskip=\skip49
(C:\Users\gabri\AppData\Local\Programs\MiKTeX\tex/latex/amsmath\amsmath.sty
Package: amsmath 2025/07/09 v2.17z AMS math features
\@mathmargin=\skip50

For additional information on amsmath, use the `?' option.
(C:\Users\gabri\AppData\Local\Programs\MiKTeX\tex/latex/amsmath\amstext.sty
Package: amstext 2024/11/17 v2.01 AMS text
 (C:\Users\gabri\AppData\Local\Programs\MiKTeX\tex/latex/amsmath\amsgen.sty
File: amsgen.sty 1999/11/30 v2.0 generic functions
\@emptytoks=\toks17
\ex@=\dimen152
)) (C:\Users\gabri\AppData\Local\Programs\MiKTeX\tex/latex/amsmath\amsbsy.sty
Package: amsbsy 1999/11/29 v1.2d Bold Symbols
\pmbraise@=\dimen153
) (C:\Users\gabri\AppData\Local\Programs\MiKTeX\tex/latex/amsmath\amsopn.sty
Package: amsopn 2022/04/08 v2.04 operator names
)
\inf@bad=\count275
LaTeX Info: Redefining \frac on input line 233.
\uproot@=\count276
\leftroot@=\count277
LaTeX Info: Redefining \overline on input line 398.
LaTeX Info: Redefining \colon on input line 409.
\classnum@=\count278
\DOTSCASE@=\count279
LaTeX Info: Redefining \ldots on input line 495.
LaTeX Info: Redefining \dots on input line 498.
LaTeX Info: Redefining \cdots on input line 619.
\Mathstrutbox@=\box53
\strutbox@=\box54
LaTeX Info: Redefining \big on input line 721.
LaTeX Info: Redefining \Big on input line 722.
LaTeX Info: Redefining \bigg on input line 723.
LaTeX Info: Redefining \Bigg on input line 724.
\big@size=\dimen154
LaTeX Font Info:    Redeclaring font encoding OML on input line 742.
LaTeX Font Info:    Redeclaring font encoding OMS on input line 743.
\macc@depth=\count280
LaTeX Info: Redefining \bmod on input line 904.
LaTeX Info: Redefining \pmod on input line 909.
LaTeX Info: Redefining \smash on input line 939.
LaTeX Info: Redefining \relbar on input line 969.
LaTeX Info: Redefining \Relbar on input line 970.
\c@MaxMatrixCols=\count281
\dotsspace@=\muskip17
\c@parentequation=\count282
\dspbrk@lvl=\count283
\tag@help=\toks18
\row@=\count284
\column@=\count285
\maxfields@=\count286
\andhelp@=\toks19
\eqnshift@=\dimen155
\alignsep@=\dimen156
\tagshift@=\dimen157
\tagwidth@=\dimen158
\totwidth@=\dimen159
\lineht@=\dimen160
\@envbody=\toks20
\multlinegap=\skip51
\multlinetaggap=\skip52
\mathdisplay@stack=\toks21
LaTeX Info: Redefining \[ on input line 2950.
LaTeX Info: Redefining \] on input line 2951.
)
LaTeX Font Info:    Trying to load font information for U+msa on input line 397.
 (C:\Users\gabri\AppData\Local\Programs\MiKTeX\tex/latex/amsfonts\umsa.fd
File: umsa.fd 2013/01/14 v3.01 AMS symbols A
) (C:\Users\gabri\AppData\Local\Programs\MiKTeX\tex/latex/amsfonts\amsfonts.sty
Package: amsfonts 2013/01/14 v3.01 Basic AMSFonts support
\symAMSa=\mathgroup4
\symAMSb=\mathgroup5
LaTeX Font Info:    Redeclaring math symbol \hbar on input line 98.
LaTeX Font Info:    Overwriting math alphabet `\mathfrak' in version `bold'
(Font)                  U/euf/m/n --> U/euf/b/n on input line 106.
)
\copyins=\insert252
\abstractbox=\box55
\listisep=\skip53
\c@part=\count287
\c@section=\count288
\c@subsection=\count289
\c@subsubsection=\count290
\c@paragraph=\count291
\c@subparagraph=\count292
\c@figure=\count293
\c@table=\count294
\abovecaptionskip=\skip54
\belowcaptionskip=\skip55
\captionindent=\dimen161
\thm@style=\toks22
\thm@bodyfont=\toks23
\thm@headfont=\toks24
\thm@notefont=\toks25
\thm@headpunct=\toks26
\thm@preskip=\skip56
\thm@postskip=\skip57
\thm@headsep=\skip58
\dth@everypar=\toks27
)
LaTeX Info: Redefining \markboth on input line 2.
 (C:\Users\gabri\AppData\Local\Programs\MiKTeX\tex/latex/amsfonts\amssymb.sty
Package: amssymb 2013/01/14 v3.01 AMS font symbols
) (C:\Users\gabri\AppData\Local\Programs\MiKTeX\tex/latex/mathtools\mathtools.sty
Package: mathtools 2024/10/04 v1.31 mathematical typesetting tools
 (C:\Users\gabri\AppData\Local\Programs\MiKTeX\tex/latex/graphics\keyval.sty
Package: keyval 2022/05/29 v1.15 key=value parser (DPC)
\KV@toks@=\toks28
) (C:\Users\gabri\AppData\Local\Programs\MiKTeX\tex/latex/tools\calc.sty
Package: calc 2025/03/01 v4.3b Infix arithmetic (KKT,FJ)
\calc@Acount=\count295
\calc@Bcount=\count296
\calc@Adimen=\dimen162
\calc@Bdimen=\dimen163
\calc@Askip=\skip59
\calc@Bskip=\skip60
LaTeX Info: Redefining \setlength on input line 86.
LaTeX Info: Redefining \addtolength on input line 87.
\calc@Ccount=\count297
\calc@Cskip=\skip61
) (C:\Users\gabri\AppData\Local\Programs\MiKTeX\tex/latex/mathtools\mhsetup.sty
Package: mhsetup 2021/03/18 v1.4 programming setup (MH)
)
\g_MT_multlinerow_int=\count298
\l_MT_multwidth_dim=\dimen164
\origjot=\skip62
\l_MT_shortvdotswithinadjustabove_dim=\dimen165
\l_MT_shortvdotswithinadjustbelow_dim=\dimen166
\l_MT_above_intertext_sep=\dimen167
\l_MT_below_intertext_sep=\dimen168
\l_MT_above_shortintertext_sep=\dimen169
\l_MT_below_shortintertext_sep=\dimen170
\xmathstrut@box=\box56
\xmathstrut@dim=\dimen171
) (C:\Users\gabri\AppData\Local\Programs\MiKTeX\tex/latex/bbm\bbm.sty
Package: bbm 1999/03/15 V 1.2 provides fonts for set symbols - TH
LaTeX Font Info:    Overwriting math alphabet `\mathbbm' in version `bold'
(Font)                  U/bbm/m/n --> U/bbm/bx/n on input line 33.
LaTeX Font Info:    Overwriting math alphabet `\mathbbmss' in version `bold'
(Font)                  U/bbmss/m/n --> U/bbmss/bx/n on input line 35.
) (C:\Users\gabri\AppData\Local\Programs\MiKTeX\tex/latex/base\inputenc.sty
Package: inputenc 2024/02/08 v1.3d Input encoding file
\inpenc@prehook=\toks29
\inpenc@posthook=\toks30
) (C:\Users\gabri\AppData\Local\Programs\MiKTeX\tex/latex/base\fontenc.sty
Package: fontenc 2025/07/18 v2.1d Standard LaTeX package
) (C:\Users\gabri\AppData\Local\Programs\MiKTeX\tex/latex/lm\lmodern.sty
Package: lmodern 2015/05/01 v1.6.1 Latin Modern Fonts
LaTeX Font Info:    Overwriting symbol font `operators' in version `normal'
(Font)                  OT1/cmr/m/n --> OT1/lmr/m/n on input line 22.
LaTeX Font Info:    Overwriting symbol font `letters' in version `normal'
(Font)                  OML/cmm/m/it --> OML/lmm/m/it on input line 23.
LaTeX Font Info:    Overwriting symbol font `symbols' in version `normal'
(Font)                  OMS/cmsy/m/n --> OMS/lmsy/m/n on input line 24.
LaTeX Font Info:    Overwriting symbol font `largesymbols' in version `normal'
(Font)                  OMX/cmex/m/n --> OMX/lmex/m/n on input line 25.
LaTeX Font Info:    Overwriting symbol font `operators' in version `bold'
(Font)                  OT1/cmr/bx/n --> OT1/lmr/bx/n on input line 26.
LaTeX Font Info:    Overwriting symbol font `letters' in version `bold'
(Font)                  OML/cmm/b/it --> OML/lmm/b/it on input line 27.
LaTeX Font Info:    Overwriting symbol font `symbols' in version `bold'
(Font)                  OMS/cmsy/b/n --> OMS/lmsy/b/n on input line 28.
LaTeX Font Info:    Overwriting symbol font `largesymbols' in version `bold'
(Font)                  OMX/cmex/m/n --> OMX/lmex/m/n on input line 29.
LaTeX Font Info:    Overwriting math alphabet `\mathbf' in version `normal'
(Font)                  OT1/cmr/bx/n --> OT1/lmr/bx/n on input line 31.
LaTeX Font Info:    Overwriting math alphabet `\mathsf' in version `normal'
(Font)                  OT1/cmss/m/n --> OT1/lmss/m/n on input line 32.
LaTeX Font Info:    Overwriting math alphabet `\mathit' in version `normal'
(Font)                  OT1/cmr/m/it --> OT1/lmr/m/it on input line 33.
LaTeX Font Info:    Overwriting math alphabet `\mathtt' in version `normal'
(Font)                  OT1/cmtt/m/n --> OT1/lmtt/m/n on input line 34.
LaTeX Font Info:    Overwriting math alphabet `\mathbf' in version `bold'
(Font)                  OT1/cmr/bx/n --> OT1/lmr/bx/n on input line 35.
LaTeX Font Info:    Overwriting math alphabet `\mathsf' in version `bold'
(Font)                  OT1/cmss/bx/n --> OT1/lmss/bx/n on input line 36.
LaTeX Font Info:    Overwriting math alphabet `\mathit' in version `bold'
(Font)                  OT1/cmr/bx/it --> OT1/lmr/bx/it on input line 37.
LaTeX Font Info:    Overwriting math alphabet `\mathtt' in version `bold'
(Font)                  OT1/cmtt/m/n --> OT1/lmtt/m/n on input line 38.
) (C:\Users\gabri\AppData\Local\Programs\MiKTeX\tex/latex/enumitem\enumitem.sty
Package: enumitem 2025/02/06 v3.11 Customized lists
\labelindent=\skip63
\enit@outerparindent=\dimen172
\enit@toks=\toks31
\enit@inbox=\box57
\enit@count@id=\count299
\enitdp@description=\count300
) (C:\Users\gabri\AppData\Local\Programs\MiKTeX\tex/latex/hyperref\hyperref.sty
Package: hyperref 2026-04-24 v7.01q Hypertext links for LaTeX
 (C:\Users\gabri\AppData\Local\Programs\MiKTeX\tex/generic/iftex\iftex.sty
Package: iftex 2024/12/12 v1.0g TeX engine tests
) (C:\Users\gabri\AppData\Local\Programs\MiKTeX\tex/latex/kvsetkeys\kvsetkeys.sty
Package: kvsetkeys 2022-10-05 v1.19 Key value parser (HO)
) (C:\Users\gabri\AppData\Local\Programs\MiKTeX\tex/generic/kvdefinekeys\kvdefinekeys.sty
Package: kvdefinekeys 2019-12-19 v1.6 Define keys (HO)
) (C:\Users\gabri\AppData\Local\Programs\MiKTeX\tex/generic/pdfescape\pdfescape.sty
Package: pdfescape 2019/12/09 v1.15 Implements pdfTeX's escape features (HO)
 (C:\Users\gabri\AppData\Local\Programs\MiKTeX\tex/generic/ltxcmds\ltxcmds.sty
Package: ltxcmds 2023-12-04 v1.26 LaTeX kernel commands for general use (HO)
) (C:\Users\gabri\AppData\Local\Programs\MiKTeX\tex/generic/pdftexcmds\pdftexcmds.sty
Package: pdftexcmds 2020-06-27 v0.33 Utility functions of pdfTeX for LuaTeX (HO)
 (C:\Users\gabri\AppData\Local\Programs\MiKTeX\tex/generic/infwarerr\infwarerr.sty
Package: infwarerr 2019/12/03 v1.5 Providing info/warning/error messages (HO)
)
Package pdftexcmds Info: \pdf@primitive is available.
Package pdftexcmds Info: \pdf@ifprimitive is available.
Package pdftexcmds Info: \pdfdraftmode found.
)) (C:\Users\gabri\AppData\Local\Programs\MiKTeX\tex/latex/hycolor\hycolor.sty
Package: hycolor 2020-01-27 v1.10 Color options for hyperref/bookmark (HO)
) (C:\Users\gabri\AppData\Local\Programs\MiKTeX\tex/latex/hyperref\nameref.sty
Package: nameref 2026-01-29 v2.58 Cross-referencing by name of section
 (C:\Users\gabri\AppData\Local\Programs\MiKTeX\tex/latex/refcount\refcount.sty
Package: refcount 2019/12/15 v3.6 Data extraction from label references (HO)
) (C:\Users\gabri\AppData\Local\Programs\MiKTeX\tex/generic/gettitlestring\gettitlestring.sty
Package: gettitlestring 2019/12/15 v1.6 Cleanup title references (HO)
 (C:\Users\gabri\AppData\Local\Programs\MiKTeX\tex/latex/kvoptions\kvoptions.sty
Package: kvoptions 2022-06-15 v3.15 Key value format for package options (HO)
))
\c@section@level=\count301
) (C:\Users\gabri\AppData\Local\Programs\MiKTeX\tex/latex/etoolbox\etoolbox.sty
Package: etoolbox 2025/10/02 v2.5m e-TeX tools for LaTeX (JAW)
\etb@tempcnta=\count302
) (C:\Users\gabri\AppData\Local\Programs\MiKTeX\tex/generic/stringenc\stringenc.sty
Package: stringenc 2019/11/29 v1.12 Convert strings between diff. encodings (HO)
)
\@linkdim=\dimen173
\Hy@linkcounter=\count303
\Hy@pagecounter=\count304
 (C:\Users\gabri\AppData\Local\Programs\MiKTeX\tex/latex/hyperref\pd1enc.def
File: pd1enc.def 2026-04-24 v7.01q Hyperref: PDFDocEncoding definition (HO)
Now handling font encoding PD1 ...
... no UTF-8 mapping file for font encoding PD1
) (C:\Users\gabri\AppData\Local\Programs\MiKTeX\tex/generic/intcalc\intcalc.sty
Package: intcalc 2019/12/15 v1.3 Expandable calculations with integers (HO)
)
\Hy@SavedSpaceFactor=\count305
 (C:\Users\gabri\AppData\Local\Programs\MiKTeX\tex/latex/hyperref\puenc.def
File: puenc.def 2026-04-24 v7.01q Hyperref: PDF Unicode definition (HO)
Now handling font encoding PU ...
... no UTF-8 mapping file for font encoding PU
)
Package hyperref Info: Hyper figures OFF on input line 4199.
Package hyperref Info: Link nesting OFF on input line 4204.
Package hyperref Info: Hyper index ON on input line 4207.
Package hyperref Info: Plain pages OFF on input line 4214.
Package hyperref Info: Backreferencing OFF on input line 4219.
Package hyperref Info: Implicit mode ON; LaTeX internals redefined.
Package hyperref Info: Bookmarks ON on input line 4466.
\c@Hy@tempcnt=\count306
 (C:\Users\gabri\AppData\Local\Programs\MiKTeX\tex/latex/url\url.sty
\Urlmuskip=\muskip18
Package: url 2013/09/16  ver 3.4  Verb mode for urls, etc.
)
LaTeX Info: Redefining \url on input line 4805.
\XeTeXLinkMargin=\dimen174
 (C:\Users\gabri\AppData\Local\Programs\MiKTeX\tex/generic/bitset\bitset.sty
Package: bitset 2019/12/09 v1.3 Handle bit-vector datatype (HO)
 (C:\Users\gabri\AppData\Local\Programs\MiKTeX\tex/generic/bigintcalc\bigintcalc.sty
Package: bigintcalc 2019/12/15 v1.5 Expandable calculations on big integers (HO)
))
\Fld@menulength=\count307
\Field@Width=\dimen175
\Fld@charsize=\dimen176
Package hyperref Info: Hyper figures OFF on input line 6091.
Package hyperref Info: Link nesting OFF on input line 6096.
Package hyperref Info: Hyper index ON on input line 6099.
Package hyperref Info: backreferencing OFF on input line 6106.
Package hyperref Info: Link coloring OFF on input line 6111.
Package hyperref Info: Link coloring with OCG OFF on input line 6116.
Package hyperref Info: PDF/A mode OFF on input line 6121.
\Hy@abspage=\count308
\c@Item=\count309
\c@Hfootnote=\count310
)
Package hyperref Info: Driver (autodetected): hpdftex.
 (C:\Users\gabri\AppData\Local\Programs\MiKTeX\tex/latex/hyperref\hpdftex.def
File: hpdftex.def 2026-04-24 v7.01q Hyperref driver for pdfTeX
\Fld@listcount=\count311
\c@bookmark@seq@number=\count312
 (C:\Users\gabri\AppData\Local\Programs\MiKTeX\tex/latex/rerunfilecheck\rerunfilecheck.sty
Package: rerunfilecheck 2025-06-21 v1.11 Rerun checks for auxiliary files (HO)
 (C:\Users\gabri\AppData\Local\Programs\MiKTeX\tex/generic/uniquecounter\uniquecounter.sty
Package: uniquecounter 2019/12/15 v1.4 Provide unlimited unique counter (HO)
)
Package uniquecounter Info: New unique counter `rerunfilecheck' on input line 284.
)
\Hy@SectionHShift=\skip64
) (C:\Users\gabri\AppData\Local\Programs\MiKTeX\tex/latex/cleveref\cleveref.sty
Package: cleveref 2018/03/27 v0.21.4 Intelligent cross-referencing
Package cleveref Info: `hyperref' support loaded on input line 2370.
LaTeX Info: Redefining \cref on input line 2370.
LaTeX Info: Redefining \Cref on input line 2370.
LaTeX Info: Redefining \crefrange on input line 2370.
LaTeX Info: Redefining \Crefrange on input line 2370.
LaTeX Info: Redefining \cpageref on input line 2370.
LaTeX Info: Redefining \Cpageref on input line 2370.
LaTeX Info: Redefining \cpagerefrange on input line 2370.
LaTeX Info: Redefining \Cpagerefrange on input line 2370.
LaTeX Info: Redefining \labelcref on input line 2370.
LaTeX Info: Redefining \labelcpageref on input line 2370.
Package cleveref Info: `amsthm' support loaded on input line 3026.
Package cleveref Info: always capitalise cross-reference names on input line 7825.
Package cleveref Info: always capitalise cross-reference names on input line 7852.
)
==> First Aid for cleveref.sty applied!
(C:\Users\gabri\AppData\Local\Programs\MiKTeX\tex/latex/natbib\natbib.sty
Package: natbib 2010/09/13 8.31b (PWD, AO)
\bibhang=\skip65
\bibsep=\skip66
LaTeX Info: Redefining \cite on input line 694.
\c@NAT@ctr=\count313
) (C:\Users\gabri\AppData\Local\Programs\MiKTeX\tex/latex/booktabs\booktabs.sty
Package: booktabs 2020/01/12 v1.61803398 Publication quality tables
\heavyrulewidth=\dimen177
\lightrulewidth=\dimen178
\cmidrulewidth=\dimen179
\belowrulesep=\dimen180
\belowbottomsep=\dimen181
\aboverulesep=\dimen182
\abovetopsep=\dimen183
\cmidrulesep=\dimen184
\cmidrulekern=\dimen185
\defaultaddspace=\dimen186
\@cmidla=\count314
\@cmidlb=\count315
\@aboverulesep=\dimen187
\@belowrulesep=\dimen188
\@thisruleclass=\count316
\@lastruleclass=\count317
\@thisrulewidth=\dimen189
) (C:\Users\gabri\AppData\Local\Programs\MiKTeX\tex/latex/graphics\graphicx.sty
Package: graphicx 2024/12/31 v1.2e Enhanced LaTeX Graphics (DPC,SPQR)
 (C:\Users\gabri\AppData\Local\Programs\MiKTeX\tex/latex/graphics\graphics.sty
Package: graphics 2024/08/06 v1.4g Standard LaTeX Graphics (DPC,SPQR)
 (C:\Users\gabri\AppData\Local\Programs\MiKTeX\tex/latex/graphics\trig.sty
Package: trig 2023/12/02 v1.11 sin cos tan (DPC)
) (C:\Users\gabri\AppData\Local\Programs\MiKTeX\tex/latex/graphics-cfg\graphics.cfg
File: graphics.cfg 2016/06/04 v1.11 sample graphics configuration
)
Package graphics Info: Driver file: pdftex.def on input line 106.
 (C:\Users\gabri\AppData\Local\Programs\MiKTeX\tex/latex/graphics-def\pdftex.def
File: pdftex.def 2025/09/29 v1.2d Graphics/color driver for pdftex
))
\Gin@req@height=\dimen190
\Gin@req@width=\dimen191
) (C:\Users\gabri\AppData\Local\Programs\MiKTeX\tex/latex/float\float.sty
Package: float 2001/11/08 v1.3d Float enhancements (AL)
\c@float@type=\count318
\float@exts=\toks32
\float@box=\box58
\@float@everytoks=\toks33
\@floatcapt=\box59
) (C:\Users\gabri\AppData\Local\Programs\MiKTeX\tex/latex/siunitx\siunitx.sty
Package: siunitx 2026-04-15 v3.5.4 A comprehensive (SI) units package
\l__siunitx_number_uncert_offset_int=\count319
\l__siunitx_number_exponent_fixed_int=\count320
\l__siunitx_number_min_decimal_int=\count321
\l__siunitx_number_min_integer_int=\count322
\l__siunitx_number_round_precision_int=\count323
\l__siunitx_number_lower_threshold_int=\count324
\l__siunitx_number_upper_threshold_int=\count325
\l__siunitx_number_group_first_int=\count326
\l__siunitx_number_group_size_int=\count327
\l__siunitx_number_group_min_int=\count328
\l__siunitx_number_group_minimum_int=\count329
\l__siunitx_compound_count_int=\count330
 (C:\Users\gabri\AppData\Local\Programs\MiKTeX\tex/latex/translations\translations.sty
Package: translations 2022/02/05 v1.12 internationalization of LaTeX2e packages (CN)
)
\l__siunitx_table_tmp_box=\box60
\l__siunitx_table_tmp_dim=\dimen192
\l__siunitx_table_column_width_dim=\dimen193
\l__siunitx_table_integer_box=\box61
\l__siunitx_table_decimal_box=\box62
\l__siunitx_table_uncert_box=\box63
\l__siunitx_table_before_box=\box64
\l__siunitx_table_after_box=\box65
\l__siunitx_table_before_dim=\dimen194
\l__siunitx_table_carry_dim=\dimen195
\l__siunitx_unit_tmp_int=\count331
\l__siunitx_unit_position_int=\count332
\l__siunitx_unit_total_int=\count333
\l__siunitx_sexagesimal_tmp_dim=\dimen196
\l__siunitx_sexagesimal_marker_box=\box66
\l__siunitx_sexagesimal_unit_box=\box67
 (C:\Users\gabri\AppData\Local\Programs\MiKTeX\tex/latex/tools\array.sty
Package: array 2025/09/25 v2.6n Tabular extension package (FMi)
\col@sep=\dimen197
\ar@mcellbox=\box68
\extrarowheight=\dimen198
\NC@list=\toks34
\extratabsurround=\skip67
\backup@length=\skip68
\ar@cellbox=\box69
))
Package hyperref Info: Option `colorlinks' set `true' on input line 29.
\c@theorem=\count334
Package translations Info: No language package found. I am going to use `english' as default language. on input line 67.
 (C:\Users\gabri\AppData\Local\Programs\MiKTeX\tex/latex/graphics\color.sty
Package: color 2025/01/14 v1.3e Standard LaTeX Color (DPC)
 (C:\Users\gabri\AppData\Local\Programs\MiKTeX\tex/latex/graphics-cfg\color.cfg
File: color.cfg 2016/01/02 v1.6 sample color configuration
)
Package color Info: Driver file: pdftex.def on input line 149.
 (C:\Users\gabri\AppData\Local\Programs\MiKTeX\tex/latex/graphics\mathcolor.ltx))
LaTeX Font Info:    Trying to load font information for T1+lmr on input line 67.
 (C:\Users\gabri\AppData\Local\Programs\MiKTeX\tex/latex/lm\t1lmr.fd
File: t1lmr.fd 2015/05/01 v1.6.1 Font defs for Latin Modern
) (C:\Users\gabri\AppData\Local\Programs\MiKTeX\tex/latex/l3backend\l3backend-pdftex.def
File: l3backend-pdftex.def 2026-02-18 L3 backend support: PDF output (pdfTeX)
\l__color_backend_stack_int=\count335
) (GPK26-new.aux)
\openout1 = `GPK26-new.aux'.

LaTeX Font Info:    Checking defaults for OML/cmm/m/it on input line 67.
LaTeX Font Info:    ... okay on input line 67.
LaTeX Font Info:    Checking defaults for OMS/cmsy/m/n on input line 67.
LaTeX Font Info:    ... okay on input line 67.
LaTeX Font Info:    Checking defaults for OT1/cmr/m/n on input line 67.
LaTeX Font Info:    ... okay on input line 67.
LaTeX Font Info:    Checking defaults for T1/cmr/m/n on input line 67.
LaTeX Font Info:    ... okay on input line 67.
LaTeX Font Info:    Checking defaults for TS1/cmr/m/n on input line 67.
LaTeX Font Info:    ... okay on input line 67.
LaTeX Font Info:    Checking defaults for OMX/cmex/m/n on input line 67.
LaTeX Font Info:    ... okay on input line 67.
LaTeX Font Info:    Checking defaults for U/cmr/m/n on input line 67.
LaTeX Font Info:    ... okay on input line 67.
LaTeX Font Info:    Checking defaults for PD1/pdf/m/n on input line 67.
LaTeX Font Info:    ... okay on input line 67.
LaTeX Font Info:    Checking defaults for PU/pdf/m/n on input line 67.
LaTeX Font Info:    ... okay on input line 67.
LaTeX Font Info:    Trying to load font information for OT1+lmr on input line 67.
 (C:\Users\gabri\AppData\Local\Programs\MiKTeX\tex/latex/lm\ot1lmr.fd
File: ot1lmr.fd 2015/05/01 v1.6.1 Font defs for Latin Modern
)
LaTeX Font Info:    Trying to load font information for OML+lmm on input line 67.
 (C:\Users\gabri\AppData\Local\Programs\MiKTeX\tex/latex/lm\omllmm.fd
File: omllmm.fd 2015/05/01 v1.6.1 Font defs for Latin Modern
)
LaTeX Font Info:    Trying to load font information for OMS+lmsy on input line 67.
 (C:\Users\gabri\AppData\Local\Programs\MiKTeX\tex/latex/lm\omslmsy.fd
File: omslmsy.fd 2015/05/01 v1.6.1 Font defs for Latin Modern
)
LaTeX Font Info:    Trying to load font information for OMX+lmex on input line 67.
 (C:\Users\gabri\AppData\Local\Programs\MiKTeX\tex/latex/lm\omxlmex.fd
File: omxlmex.fd 2015/05/01 v1.6.1 Font defs for Latin Modern
)
LaTeX Font Info:    External font `lmex10' loaded for size
(Font)              <8> on input line 67.
LaTeX Font Info:    External font `lmex10' loaded for size
(Font)              <6> on input line 67.
LaTeX Font Info:    External font `lmex10' loaded for size
(Font)              <5> on input line 67.
LaTeX Font Info:    Trying to load font information for U+msa on input line 67.
 (C:\Users\gabri\AppData\Local\Programs\MiKTeX\tex/latex/amsfonts\umsa.fd
File: umsa.fd 2013/01/14 v3.01 AMS symbols A
)
LaTeX Font Info:    Trying to load font information for U+msb on input line 67.
 (C:\Users\gabri\AppData\Local\Programs\MiKTeX\tex/latex/amsfonts\umsb.fd
File: umsb.fd 2013/01/14 v3.01 AMS symbols B
)
Package hyperref Info: Link coloring ON on input line 67.
\@outlinefile=\write3
\openout3 = `GPK26-new.out'.

 (C:\Users\gabri\AppData\Local\Programs\MiKTeX\tex/context/base/mkii\supp-pdf.mkii
[Loading MPS to PDF converter (version 2006.09.02).]
\scratchcounter=\count336
\scratchdimen=\dimen199
\scratchbox=\box70
\nofMPsegments=\count337
\nofMParguments=\count338
\everyMPshowfont=\toks35
\MPscratchCnt=\count339
\MPscratchDim=\dimen256
\MPnumerator=\count340
\makeMPintoPDFobject=\count341
\everyMPtoPDFconversion=\toks36
) (C:\Users\gabri\AppData\Local\Programs\MiKTeX\tex/latex/epstopdf-pkg\epstopdf-base.sty
Package: epstopdf-base 2020-01-24 v2.11 Base part for package epstopdf
Package epstopdf-base Info: Redefining graphics rule for `.eps' on input line 485.
 (C:\Users\gabri\AppData\Local\Programs\MiKTeX\tex/latex/00miktex\epstopdf-sys.cfg
File: epstopdf-sys.cfg 2021/03/18 v2.0 Configuration of epstopdf for MiKTeX
)) (C:\Users\gabri\AppData\Local\Programs\MiKTeX\tex/latex/translations/dicts\translations-basic-dictionary-english.trsl
File: translations-basic-dictionary-english.trsl (english translation file `translations-basic-dictionary')
)
Package translations Info: loading dictionary `translations-basic-dictionary' for `english'. on input line 67.


Package natbib Warning: Citation `Ben15' on page 1 undefined on input line 108.


Package natbib Warning: Citation `Alf24' on page 1 undefined on input line 109.


Package natbib Warning: Citation `Bro01' on page 1 undefined on input line 122.


Package natbib Warning: Citation `Ben13' on page 1 undefined on input line 123.


Package natbib Warning: Citation `Ben14' on page 1 undefined on input line 123.

LaTeX Font Info:    External font `lmex10' loaded for size
(Font)              <10> on input line 123.
LaTeX Font Info:    External font `lmex10' loaded for size
(Font)              <7> on input line 123.
[1{C:/Users/gabri/AppData/Local/MiKTeX/fonts/map/pdftex/pdftex.map}{C:/Users/gabri/AppData/Local/Programs/MiKTeX/fonts/enc/dvips/lm/lm-ec.enc}]

Package natbib Warning: Citation `Mar07' on page 2 undefined on input line 151.


Underfull \vbox (badness 10000) has occurred while \output is active []

 [2{C:/Users/gabri/AppData/Local/Programs/MiKTeX/fonts/enc/dvips/lm/lm-rm.enc}{C:/Users/gabri/AppData/Local/Programs/MiKTeX/fonts/enc/dvips/lm/lm-mathit.enc}]

LaTeX Warning: Reference `sec:carma-preliminaries' on page 1 undefined on input line 181.


LaTeX Warning: Reference `sec:coupled-carma-models' on page 1 undefined on input line 182.


LaTeX Warning: Reference `sec:pricing-quanto-options' on page 1 undefined on input line 184.


LaTeX Warning: Reference `sec:hedging-strategies' on page 1 undefined on input line 186.


LaTeX Warning: Reference `sec:calibration' on page 1 undefined on input line 186.


LaTeX Warning: Reference `sec:numerical' on page 1 undefined on input line 187.


LaTeX Warning: Reference `sec:limitations' on page 1 undefined on input line 188.


LaTeX Warning: Reference `sec:conclusion' on page 1 undefined on input line 189.


LaTeX Warning: Reference `eq:state_general' on page 3 undefined on input line 213.


Package natbib Warning: Citation `Bro01' on page 3 undefined on input line 214.


LaTeX Warning: Reference `ass:stableA' on page 1 undefined on input line 231.


LaTeX Warning: Reference `eq:state_general' on page 3 undefined on input line 231.


LaTeX Warning: Reference `eq:variation_constants' on page 3 undefined on input line 246.


LaTeX Warning: Reference `ass:stableA' on page 1 undefined on input line 247.


LaTeX Warning: Reference `eq:stationary_solution' on page 3 undefined on input line 250.


Package natbib Warning: Citation `Bro01' on page 3 undefined on input line 251.


LaTeX Warning: Reference `eq:state_general' on page 3 undefined on input line 252.

[3{C:/Users/gabri/AppData/Local/Programs/MiKTeX/fonts/enc/dvips/lm/lm-mathsy.enc}{C:/Users/gabri/AppData/Local/Programs/MiKTeX/fonts/enc/dvips/lm/lm-mathex.enc}]

Package natbib Warning: Citation `Con04' on page 4 undefined on input line 267.


LaTeX Warning: Reference `eq:variation_constants' on page 4 undefined on input line 282.


LaTeX Warning: Reference `eq:single_factor_cf' on page 4 undefined on input line 290.


LaTeX Warning: Reference `eq:stationary_solution' on page 4 undefined on input line 295.


LaTeX Warning: Reference `eq:stationary_solution' on page 4 undefined on input line 307.


Package natbib Warning: Citation `Bro01' on page 4 undefined on input line 309.


LaTeX Warning: Reference `sec:coupled-carma-models' on page 1 undefined on input line 328.

[4]

LaTeX Warning: Reference `eq:coupled_model' on page 5 undefined on input line 396.


LaTeX Warning: Reference `rem:esscher_preservation' on page 1 undefined on input line 405.


LaTeX Warning: Reference `eq:coupled_model' on page 5 undefined on input line 417.


Package natbib Warning: Citation `Ben14' on page 5 undefined on input line 422.


LaTeX Warning: Reference `eq:coupled_model' on page 5 undefined on input line 433.


LaTeX Warning: Reference `ass:coupled_model' on page 1 undefined on input line 446.


LaTeX Warning: Reference `ass:pricing_measure_main' on page 5 undefined on input line 446.


LaTeX Warning: Reference `eq:forward_formula' on page 5 undefined on input line 449.

[5]

LaTeX Warning: Reference `ass:interest_rate' on page 1 undefined on input line 456.


LaTeX Warning: Reference `eq:esscher_calibration' on page 6 undefined on input line 460.


LaTeX Warning: Reference `eq:coupled_model' on page 6 undefined on input line 470.


LaTeX Warning: Reference `eq:coupled_model' on page 6 undefined on input line 502.

[6]

LaTeX Warning: Reference `ass:coupled_model' on page 1 undefined on input line 558.


LaTeX Warning: Reference `ass:moments' on page 7 undefined on input line 558.


LaTeX Warning: Reference `eq:coupled_model' on page 7 undefined on input line 559.


LaTeX Warning: Reference `eq:sylvester_cross_cov' on page 7 undefined on input line 568.


LaTeX Warning: Reference `ass:coupled_model' on page 1 undefined on input line 573.


LaTeX Warning: Reference `ass:stability' on page 7 undefined on input line 573.


LaTeX Warning: Reference `eq:lagged_cross_cov' on page 7 undefined on input line 574.


LaTeX Warning: Reference `eq:variation_constants' on page 7 undefined on input line 575.


Overfull \hbox (56.21436pt too wide) in paragraph at lines 567--576
\T1/lmr/m/n/10 which is []. Equiv-a-lently, the so-lu-tion can be ex-pressed as $\OML/lmm/m/it/10 M[] \OT1/lmr/m/n/10 = [][] e[] ^^@^^F[]\OML/lmm/m/it/10 B[] \OT1/lmr/m/n/10 e[] d\OML/lmm/m/it/10 ^^\$\T1/lmr/m/n/10 ,
 []


LaTeX Warning: Reference `ass:coupled_model' on page 1 undefined on input line 585.


LaTeX Warning: Reference `ass:stability' on page 7 undefined on input line 585.


LaTeX Warning: Reference `eq:sylvester_cross_cov' on page 7 undefined on input line 589.


LaTeX Warning: Reference `ass:coupled_model' on page 1 undefined on input line 599.


LaTeX Warning: Reference `ass:stability' on page 7 undefined on input line 599.


LaTeX Warning: Reference `eq:coupled_model' on page 7 undefined on input line 612.

[7]

LaTeX Warning: Reference `ass:coupled_model' on page 1 undefined on input line 653.


LaTeX Warning: Reference `eq:joint_cf' on page 8 undefined on input line 689.


LaTeX Warning: Reference `eq:joint_cf' on page 8 undefined on input line 727.


LaTeX Warning: Reference `eq:joint_cf' on page 8 undefined on input line 730.


LaTeX Warning: Reference `ass:coupled_model' on page 1 undefined on input line 736.


LaTeX Warning: Reference `ass:stability' on page 8 undefined on input line 736.


Overfull \hbox (28.27444pt too wide) detected at line 745
\OMS/lmsy/m/n/10 k\OML/lmm/m/it/10 ^^L[]\OT1/lmr/m/n/10 (\OML/lmm/m/it/10 s\OT1/lmr/m/n/10 ; \OML/lmm/m/it/10 T\OT1/lmr/m/n/10 )\OMS/lmsy/m/n/10 k ^^T k\OML/lmm/m/it/10 B[]\OMS/lmsy/m/n/10 k k\OML/lmm/m/it/10 c[]\OMS/lmsy/m/n/10 k \OT1/lmr/m/n/10 e[]\OML/lmm/m/it/10 ;  \OMS/lmsy/m/n/10 k\OML/lmm/m/it/10 ^^M[]\OT1/lmr/m/n/10 (\OML/lmm/m/it/10 s\OT1/lmr/m/n/10 ; \OML/lmm/m/it/10 T\OT1/lmr/m/n/10 )\OMS/lmsy/m/n/10 k ^^T k\OT1/lmr/m/n/10 ^^@\OMS/lmsy/m/n/10 k k\OML/lmm/m/it/10 c[]\OMS/lmsy/m/n/10 k \OT1/lmr/m/n/10 e[]\OML/lmm/m/it/10 ;
 []


LaTeX Warning: Reference `ass:coupled_model' on page 1 undefined on input line 747.


LaTeX Warning: Reference `ass:moments' on page 8 undefined on input line 747.


LaTeX Warning: Reference `ass:coupled_model' on page 1 undefined on input line 752.


LaTeX Warning: Reference `ass:moments' on page 8 undefined on input line 752.

[8]

LaTeX Warning: Reference `eq:forward_formula' on page 9 undefined on input line 762.


LaTeX Warning: Reference `eq:forward_formula' on page 9 undefined on input line 766.


Overfull \hbox (45.09233pt too wide) in paragraph at lines 761--767
\T1/lmr/m/n/10 which are ex-actly the con-di-tions stated be-fore []. Un-der these con-di-tions $\OML/lmm/m/it/10  []\OT1/lmr/m/n/10 (\OMS/lmsy/m/n/10 ^^@\OT1/lmr/m/n/10 i \OML/lmm/m/it/10 ^^L[]\OT1/lmr/m/n/10 (\OML/lmm/m/it/10 s\OT1/lmr/m/n/10 ; \OML/lmm/m/it/10 T\OT1/lmr/m/n/10 )) =
 []


LaTeX Warning: Reference `eq:forward_formula' on page 9 undefined on input line 771.


Package natbib Warning: Citation `Mar07' on page 9 undefined on input line 780.


LaTeX Warning: Reference `eq:coupled_model' on page 9 undefined on input line 813.


LaTeX Warning: Reference `eq:outputs_coupled' on page 9 undefined on input line 813.


Package natbib Warning: Citation `Ben23' on page 9 undefined on input line 840.

[9]
LaTeX Font Info:    Trying to load font information for U+bbm on input line 876.
 (C:\Users\gabri\AppData\Local\Programs\MiKTeX\tex/latex/bbm\ubbm.fd
File: ubbm.fd 1999/03/15 V 1.2 Font definition for bbm font - TH
)

LaTeX Warning: Reference `ass:coupled_model' on page 1 undefined on input line 881.


LaTeX Warning: Reference `ass:pricing_measure_main' on page 10 undefined on input line 881.


Package natbib Warning: Citation `Ben14' on page 10 undefined on input line 893.


Package natbib Warning: Citation `Hul21' on page 10 undefined on input line 896.

[10]

LaTeX Warning: Reference `eq:fourier_pricing' on page 11 undefined on input line 971.


LaTeX Warning: Reference `eq:fourier_pricing' on page 11 undefined on input line 982.


LaTeX Warning: Reference `prop:joint_cf' on page 1 undefined on input line 984.


Package natbib Warning: Citation `Car99' on page 11 undefined on input line 986.


LaTeX Warning: Reference `prop:fourier_pricing' on page 1 undefined on input line 993.


c:/Users/gabri/Documents/quant-projects/FR_carma_quanto/paper/Pricing_and_Hedging_of_Quanto_Options_in_Renewable_Energy_Markets_using_CARMA/GPK26-new.tex:1010: LaTeX Error: Unicode character α (U+03B1)
               not set up for use with LaTeX.

See the LaTeX manual or LaTeX Companion for explanation.
Type  H <return>  for immediate help.
 ...                                              
                                                  
l.1010 $(α
           _1\gamma_X(s;T) + \alpha_2\beta_Y(s;T)) \in \mathrm{int}(\mathcal...
You may provide a definition with
\DeclareUnicodeCharacter 


LaTeX Warning: Reference `cor:forward_price' on page 1 undefined on input line 1012.


LaTeX Warning: Reference `ass:coupled_model' on page 1 undefined on input line 1014.


LaTeX Warning: Reference `ass:moments' on page 11 undefined on input line 1014.

[11]
Overfull \hbox (58.98207pt too wide) detected at line 1084
\U/msb/m/n/10 E[]\OT1/lmr/m/n/10 [\OML/lmm/m/it/10 X h\OT1/lmr/m/n/10 (\OML/lmm/m/it/10 Y\OT1/lmr/m/n/10 )] = []\U/msb/m/n/10 E[][]\OT1/lmr/m/n/10 (\OML/lmm/m/it/10 Y \OMS/lmsy/m/n/10 ^^@ \OML/lmm/m/it/10 ^^V[]\OT1/lmr/m/n/10 )\OML/lmm/m/it/10 h\OT1/lmr/m/n/10 (\OML/lmm/m/it/10 Y\OT1/lmr/m/n/10 )[] + \U/msb/m/n/10 E[]\OT1/lmr/m/n/10 [\OML/lmm/m/it/10 "\OT1/lmr/m/n/10 ] \U/msb/m/n/10 E[]\OT1/lmr/m/n/10 [\OML/lmm/m/it/10 h\OT1/lmr/m/n/10 (\OML/lmm/m/it/10 Y\OT1/lmr/m/n/10 )] = []\U/msb/m/n/10 E[][]\OT1/lmr/m/n/10 (\OML/lmm/m/it/10 Y \OMS/lmsy/m/n/10 ^^@ \OML/lmm/m/it/10 ^^V[]\OT1/lmr/m/n/10 )\OML/lmm/m/it/10 h\OT1/lmr/m/n/10 (\OML/lmm/m/it/10 Y\OT1/lmr/m/n/10 )[]\OML/lmm/m/it/10 :
 []


Overfull \hbox (4.47379pt too wide) in paragraph at lines 1084--1088
\T1/lmr/m/n/10 Integration by parts for the Gauss-ian den-sity gives $\U/msb/m/n/10 E[]\OT1/lmr/m/n/10 [(\OML/lmm/m/it/10 Y \OMS/lmsy/m/n/10 ^^@ \OML/lmm/m/it/10 ^^V[]\OT1/lmr/m/n/10 )\OML/lmm/m/it/10 h\OT1/lmr/m/n/10 (\OML/lmm/m/it/10 Y\OT1/lmr/m/n/10 )] = \OML/lmm/m/it/10 ^^[[]\U/msb/m/n/10 E[]\OT1/lmr/m/n/10 [\OML/lmm/m/it/10 h[]\OT1/lmr/m/n/10 (\OML/lmm/m/it/10 Y\OT1/lmr/m/n/10 )]$\T1/lmr/m/n/10 ,
 []


LaTeX Warning: Reference `eq:weak_coupling_model' on page 12 undefined on input line 1095.


Overfull \hbox (178.38965pt too wide) detected at line 1104
\OML/lmm/m/it/10 X[] \OT1/lmr/m/n/10 = (\OML/lmm/m/it/10 c[]\OT1/lmr/m/n/10 )[]\OML/lmm/m/it/10 Z[];  Y[] \OT1/lmr/m/n/10 = (\OML/lmm/m/it/10 c[]\OT1/lmr/m/n/10 )[]\OML/lmm/m/it/10 Z[];  S[] \OT1/lmr/m/n/10 = e[]\OML/lmm/m/it/10 ;  [] \OT1/lmr/m/n/10 = ^^C[](\OML/lmm/m/it/10 T\OT1/lmr/m/n/10 ) + \OML/lmm/m/it/10 Y[];  \OT1/lmr/m/n/10 ^^D[] [][]= (\OML/lmm/m/it/10 c[]\OT1/lmr/m/n/10 )[] [][] e[]^^@ d\OML/lmm/m/it/10 W[]:
 []


LaTeX Warning: Reference `eq:weak_coupling_model' on page 12 undefined on input line 1122.


Overfull \hbox (65.93628pt too wide) in paragraph at lines 1125--1133
\T1/lmr/m/n/10 where $\OML/lmm/m/it/10 X[] \OT1/lmr/m/n/10 = [][](\OML/lmm/m/it/10 T\OT1/lmr/m/n/10 ) + [][] \OML/lmm/m/it/10 ^^L[]\OT1/lmr/m/n/10 (\OML/lmm/m/it/10 s\OT1/lmr/m/n/10 ; \OML/lmm/m/it/10 T\OT1/lmr/m/n/10 )[] d\OML/lmm/m/it/10 L[]$ \T1/lmr/m/n/10 is in-de-pen-dent of $\OML/lmm/m/it/10 W$\T1/lmr/m/n/10 , and $\OT1/lmr/m/n/10 ^^D[] = (\OML/lmm/m/it/10 c[]\OT1/lmr/m/n/10 )[] [][] e[]^^@ d\OML/lmm/m/it/10 W[]$
 []


LaTeX Warning: Reference `ass:coupled_model' on page 1 undefined on input line 1148.


LaTeX Warning: Reference `ass:moments' on page 12 undefined on input line 1148.

[12]

LaTeX Warning: Reference `lem:stein' on page 1 undefined on input line 1178.


LaTeX Warning: Reference `eq:weak_coupling_price_adjustment' on page 13 undefined on input line 1188.


LaTeX Warning: Reference `thm:weak_coupling' on page 1 undefined on input line 1194.


LaTeX Warning: Reference `eq:heating_quanto_adjustment' on page 13 undefined on input line 1206.


LaTeX Warning: Reference `eq:weak_coupling_price_adjustment' on page 13 undefined on input line 1218.


LaTeX Warning: Reference `eq:heating_quanto_adjustment' on page 13 undefined on input line 1218.


LaTeX Warning: Reference `rem:sylvester_unique' on page 1 undefined on input line 1229.


LaTeX Warning: Reference `rem:sylvester_unique' on page 1 undefined on input line 1233.


Overfull \hbox (25.69173pt too wide) in paragraph at lines 1226--1234
[]\OT1/lmr/m/n/10 (\OML/lmm/m/it/10 M\OT1/lmr/m/n/10 ) [][]= \OML/lmm/m/it/10 A[]M \OT1/lmr/m/n/10 + \OML/lmm/m/it/10 MA[]$ \T1/lmr/m/it/10 in-tro-duced in []. De-fine the func-tion $\OML/lmm/m/it/10 P\OT1/lmr/m/n/10 (\OML/lmm/m/it/10 ^^\\OT1/lmr/m/n/10 ) [][]= e[] ^^@\OML/lmm/m/it/10 B[] \OT1/lmr/m/n/10 e[]$\T1/lmr/m/it/10 ,
 []

[13]

LaTeX Warning: Reference `eq:betaX' on page 14 undefined on input line 1254.


LaTeX Warning: Reference `eq:betaY' on page 14 undefined on input line 1254.


LaTeX Warning: Reference `eq:joint_cf' on page 14 undefined on input line 1256.


LaTeX Warning: Reference `eq:lagged_cross_cov' on page 14 undefined on input line 1266.


LaTeX Warning: Reference `ass:coupled_model' on page 1 undefined on input line 1284.


LaTeX Warning: Reference `ass:pricing_measure_main' on page 14 undefined on input line 1284.


Package natbib Warning: Citation `Sch01' on page 14 undefined on input line 1288.


LaTeX Warning: Reference `ass:coupled_model' on page 1 undefined on input line 1299.


LaTeX Warning: Reference `ass:interest_rate' on page 1 undefined on input line 1299.


LaTeX Warning: Reference `eq:quanto_payoff_general' on page 14 undefined on input line 1300.


Overfull \hbox (18.30466pt too wide) in paragraph at lines 1303--1305
[]\T1/lmr/m/it/10 The dis-counted for-ward $[] \OT1/lmr/m/n/10 = (\OML/lmm/m/it/10 B[]\OT1/lmr/m/n/10 )[]\OML/lmm/m/it/10 F\OT1/lmr/m/n/10 (\OML/lmm/m/it/10 t; T\OT1/lmr/m/n/10 )$ \T1/lmr/m/it/10 is a square-integrable $\U/msb/m/n/10 Q$\T1/lmr/m/it/10 -martingale. 
 []


LaTeX Warning: Reference `eq:joint_cf' on page 14 undefined on input line 1317.


LaTeX Warning: Reference `cor:forward_price' on page 1 undefined on input line 1318.


LaTeX Warning: Reference `ass:coupled_model' on page 1 undefined on input line 1329.


LaTeX Warning: Reference `ass:moments' on page 14 undefined on input line 1329.


LaTeX Warning: Reference `cor:forward_price' on page 1 undefined on input line 1330.

[14]

LaTeX Warning: Reference `ass:coupled_model' on page 1 undefined on input line 1345.


LaTeX Warning: Reference `ass:moments' on page 15 undefined on input line 1345.


LaTeX Warning: Reference `ass:coupled_model' on page 1 undefined on input line 1348.


LaTeX Warning: Reference `ass:moments' on page 15 undefined on input line 1348.


Overfull \hbox (45.1149pt too wide) in paragraph at lines 1335--1349
\T1/lmr/m/n/10 some con-stants $\OML/lmm/m/it/10 C; k > \OT1/lmr/m/n/10 0$\T1/lmr/m/n/10 . By Cauchy-Schwarz, $\U/msb/m/n/10 E[]\OT1/lmr/m/n/10 [[]] \OMS/lmsy/m/n/10 ^^T \OT1/lmr/m/n/10 (\OML/lmm/m/it/10 B[]\OT1/lmr/m/n/10 )[] [] []$\T1/lmr/m/n/10 .
 []


LaTeX Warning: Reference `lem:sq_int' on page 1 undefined on input line 1354.


LaTeX Warning: Reference `lem:sq_int:F' on page 15 undefined on input line 1354.


LaTeX Warning: Reference `lem:sq_int' on page 1 undefined on input line 1355.


LaTeX Warning: Reference `lem:sq_int:H' on page 15 undefined on input line 1355.


Package natbib Warning: Citation `Sch01' on page 15 undefined on input line 1386.


LaTeX Warning: Reference `eq:hedge_ratio' on page 15 undefined on input line 1394.


LaTeX Warning: Reference `eq:hedge_ratio' on page 15 undefined on input line 1401.


LaTeX Warning: Reference `lem:sq_int' on page 1 undefined on input line 1405.


LaTeX Warning: Reference `eq:hedge_ratio' on page 15 undefined on input line 1406.


LaTeX Warning: Reference `eq:gkw' on page 15 undefined on input line 1419.

[15]

LaTeX Warning: Reference `eq:multi_hedge' on page 16 undefined on input line 1467.


LaTeX Warning: Reference `eq:multi_hedge' on page 16 undefined on input line 1470.


LaTeX Warning: Reference `eq:hedge_ratio' on page 16 undefined on input line 1501.


LaTeX Warning: Reference `sec:pricing-quanto-options' on page 1 undefined on input line 1503.

[16]

LaTeX Warning: Reference `eq:coupled_model' on page 17 undefined on input line 1532.


Overfull \hbox (75.6359pt too wide) detected at line 1551
[]
 []


LaTeX Warning: Reference `eq:hedge_ratio' on page 17 undefined on input line 1552.


Overfull \hbox (26.96233pt too wide) detected at line 1564
[]
 []


LaTeX Warning: Reference `eq:fourier_pricing' on page 17 undefined on input line 1566.


Overfull \hbox (8.25917pt too wide) detected at line 1581
[]
 []


LaTeX Warning: Reference `prop:fourier_pricing' on page 1 undefined on input line 1585.


LaTeX Warning: Reference `eq:forward_brownian_sde' on page 17 undefined on input line 1589.


LaTeX Warning: Reference `eq:forward_formula' on page 17 undefined on input line 1591.


LaTeX Warning: Reference `eq:variation_constants' on page 17 undefined on input line 1594.


LaTeX Warning: Reference `eq:forward_brownian_sde' on page 17 undefined on input line 1600.


LaTeX Warning: Reference `eq:forward_qv' on page 17 undefined on input line 1601.


LaTeX Warning: Reference `eq:option_ito' on page 17 undefined on input line 1603.


LaTeX Warning: Reference `eq:coupled_model' on page 17 undefined on input line 1605.


LaTeX Warning: Reference `eq:cross_var_explicit' on page 17 undefined on input line 1606.


LaTeX Warning: Reference `eq:forward_brownian_sde' on page 17 undefined on input line 1607.


LaTeX Warning: Reference `eq:option_ito' on page 17 undefined on input line 1607.


LaTeX Warning: Reference `eq:state_gradient_V' on page 17 undefined on input line 1609.


LaTeX Warning: Reference `eq:fourier_pricing' on page 17 undefined on input line 1610.


LaTeX Warning: Reference `prop:fourier_pricing' on page 1 undefined on input line 1612.

[17]

LaTeX Warning: Reference `eq:hedge_ratio_carma' on page 18 undefined on input line 1620.


LaTeX Warning: Reference `prop:carma_hedge_ratio' on page 1 undefined on input line 1627.


LaTeX Warning: Reference `eq:hedge_ratio_carma' on page 18 undefined on input line 1628.


Overfull \hbox (85.35104pt too wide) detected at line 1647
[]
 []


LaTeX Warning: Reference `eq:hedge_ratio' on page 18 undefined on input line 1660.


LaTeX Warning: Reference `eq:cross_var_levy' on page 18 undefined on input line 1662.


LaTeX Warning: Reference `eq:fourier_pricing' on page 18 undefined on input line 1665.

(empirical.tex

LaTeX Warning: Reference `sec:carma-preliminaries' on page 18 undefined on input line 10.


LaTeX Warning: Reference `sec:hedging-strategies' on page 18 undefined on input line 10.


LaTeX Warning: Reference `sec:conclusion' on page 1 undefined on input line 16.

[18]
Overfull \hbox (81.08388pt too wide) detected at line 73
[]
 []


LaTeX Warning: Reference `fig:deseas' on page 1 undefined on input line 86.


empirical.tex:92: LaTeX Error: File `deseas_diagnostics' not found.

See the LaTeX manual or LaTeX Companion for explanation.
Type  H <return>  for immediate help.
 ...                                              
                                                  
l.92 ...hics[width=\linewidth]{deseas_diagnostics}
                                                  
I could not locate the file with any of these extensions:
.pdf,.png,.jpg,.mps,.jpeg,.jbig2,.jb2,.PDF,.PNG,.JPG,.JPEG,.JBIG2,.JB2,.eps
Try typing  <return>  to proceed.
If that doesn't work, type  X <return>  to quit.


LaTeX Warning: Reference `tab:model_comparison' on page 1 undefined on input line 116.

LaTeX Font Info:    External font `lmex10' loaded for size
(Font)              <9> on input line 130.
[19
pdfTeX warning (ext4): destination with the same identifier (name{figure.1}) has been already used, duplicate ignored
<argument> ...shipout:D \box_use:N \l_shipout_box 
                                                  \__shipout_drop_firstpage_...
l.147 \end{table}
                 ]

LaTeX Warning: Reference `tab:mle_params' on page 1 undefined on input line 149.


Overfull \hbox (22.52754pt too wide) in paragraph at lines 149--158
[][] \T1/lmr/m/n/10 re-ports the maximum-likelihood pa-ram-e-ter es-ti-mates for the se-lected CARMA$\OT1/lmr/m/n/10 (3\OML/lmm/m/it/10 ; \OT1/lmr/m/n/10 1)$
 []


LaTeX Warning: Reference `fig:kalman_diagnostics' on page 1 undefined on input line 190.


empirical.tex:200: LaTeX Error: File `carma_mle_diagnostics' not found.

See the LaTeX manual or LaTeX Companion for explanation.
Type  H <return>  for immediate help.
 ...                                              
                                                  
l.200 ...[width=\linewidth]{carma_mle_diagnostics}
                                                  
I could not locate the file with any of these extensions:
.pdf,.png,.jpg,.mps,.jpeg,.jbig2,.jb2,.PDF,.PNG,.JPG,.JPEG,.JBIG2,.JB2,.eps
Try typing  <return>  to proceed.
If that doesn't work, type  X <return>  to quit.

[20
pdfTeX warning (ext4): destination with the same identifier (name{table.1}) has been already used, duplicate ignored
<argument> ...shipout:D \box_use:N \l_shipout_box 
                                                  \__shipout_drop_firstpage_...
l.207 \end{figure}
                  
pdfTeX warning (ext4): destination with the same identifier (name{table.2}) has been already used, duplicate ignored
<argument> ...shipout:D \box_use:N \l_shipout_box 
                                                  \__shipout_drop_firstpage_...
l.207 \end{figure}
                  ]

Package natbib Warning: Citation `Bar97' on page 21 undefined on input line 227.


LaTeX Warning: Reference `eq:joint_cf' on page 21 undefined on input line 235.


LaTeX Warning: Reference `tab:levy_comparison' on page 1 undefined on input line 237.


LaTeX Warning: Reference `fig:levy_fit' on page 1 undefined on input line 245.


LaTeX Warning: Reference `tab:nig_params' on page 1 undefined on input line 268.


empirical.tex:297: LaTeX Error: File `levy_fit_logprice' not found.

See the LaTeX manual or LaTeX Companion for explanation.
Type  H <return>  for immediate help.
 ...                                              
                                                  
l.297 ...hics[width=\linewidth]{levy_fit_logprice}
                                                  
I could not locate the file with any of these extensions:
.pdf,.png,.jpg,.mps,.jpeg,.jbig2,.jb2,.PDF,.PNG,.JPG,.JPEG,.JBIG2,.JB2,.eps
Try typing  <return>  to proceed.
If that doesn't work, type  X <return>  to quit.


LaTeX Warning: Reference `fig:ccf' on page 1 undefined on input line 312.


empirical.tex:318: LaTeX Error: File `coupling_ccf' not found.

See the LaTeX manual or LaTeX Companion for explanation.
Type  H <return>  for immediate help.
 ...                                              
                                                  
l.318 ...phics[width=0.85\linewidth]{coupling_ccf}
                                                  
I could not locate the file with any of these extensions:
.pdf,.png,.jpg,.mps,.jpeg,.jbig2,.jb2,.PDF,.PNG,.JPG,.JPEG,.JBIG2,.JB2,.eps
Try typing  <return>  to proceed.
If that doesn't work, type  X <return>  to quit.


LaTeX Warning: Reference `eq:coupled_model' on page 21 undefined on input line 330.

[21
pdfTeX warning (ext4): destination with the same identifier (name{figure.2}) has been already used, duplicate ignored
<argument> ...shipout:D \box_use:N \l_shipout_box 
                                                  \__shipout_drop_firstpage_...
l.332 
      
pdfTeX warning (ext4): destination with the same identifier (name{table.3}) has been already used, duplicate ignored
<argument> ...shipout:D \box_use:N \l_shipout_box 
                                                  \__shipout_drop_firstpage_...
l.332 
      ]

LaTeX Warning: Reference `sec:coupled-carma-models' on page 1 undefined on input line 346.


LaTeX Warning: Reference `sec:hedging-strategies' on page 1 undefined on input line 359.


LaTeX Warning: Reference `sec:pricing-quanto-options' on page 1 undefined on input line 359.


LaTeX Warning: Reference `eq:fourier_pricing' on page 22 undefined on input line 366.

LaTeX Font Info:    Trying to load font information for T1+lmtt on input line 380.
(C:\Users\gabri\AppData\Local\Programs\MiKTeX\tex/latex/lm\t1lmtt.fd
File: t1lmtt.fd 2015/05/01 v1.6.1 Font defs for Latin Modern
)
Overfull \hbox (26.84248pt too wide) detected at line 388
[]
 []

[22
pdfTeX warning (ext4): destination with the same identifier (name{table.4}) has been already used, duplicate ignored
<argument> ...shipout:D \box_use:N \l_shipout_box 
                                                  \__shipout_drop_firstpage_...
l.388 \end{align}
                 
pdfTeX warning (ext4): destination with the same identifier (name{figure.3}) has been already used, duplicate ignored
<argument> ...shipout:D \box_use:N \l_shipout_box 
                                                  \__shipout_drop_firstpage_...
l.388 \end{align}
                 
pdfTeX warning (ext4): destination with the same identifier (name{figure.4}) has been already used, duplicate ignored
<argument> ...shipout:D \box_use:N \l_shipout_box 
                                                  \__shipout_drop_firstpage_...
l.388 \end{align}
                 ]

LaTeX Warning: Reference `tab:nig_params' on page 1 undefined on input line 391.


LaTeX Warning: Reference `eq:joint_cf' on page 23 undefined on input line 399.


Package natbib Warning: Citation `Car99' on page 23 undefined on input line 403.


LaTeX Warning: Reference `tab:pricing_comparison' on page 1 undefined on input line 407.


LaTeX Warning: Reference `thm:weak_coupling' on page 1 undefined on input line 445.


LaTeX Warning: Reference `eq:heating_quanto_adjustment' on page 23 undefined on input line 448.


Overfull \hbox (69.32968pt too wide) detected at line 457
[][][] \OT1/lmr/m/n/10 = \OMS/lmsy/m/n/10 ^^@[]  [] ^^A [] ^^A [] \OML/lmm/m/it/10 :
 []


LaTeX Warning: Reference `tab:quanto_adjustment' on page 1 undefined on input line 462.


LaTeX Warning: Reference `eq:heating_quanto_adjustment' on page 23 undefined on input line 489.

[23
pdfTeX warning (ext4): destination with the same identifier (name{table.5}) has been already used, duplicate ignored
<argument> ...shipout:D \box_use:N \l_shipout_box 
                                                  \__shipout_drop_firstpage_...
l.496 
      ]

LaTeX Warning: Reference `sec:hedging-strategies' on page 1 undefined on input line 499.


LaTeX Warning: Reference `eq:hedge_ratio' on page 24 undefined on input line 505.


Overfull \hbox (15.13422pt too wide) in paragraph at lines 510--512
[]\T1/lmr/m/it/10 OU hedge\T1/lmr/m/n/10 : com-pute the delta-hedge ra-tio from a cal-i-brated OU (CARMA$\OT1/lmr/m/n/10 (1\OML/lmm/m/it/10 ; \OT1/lmr/m/n/10 0)$\T1/lmr/m/n/10 )
 []


LaTeX Warning: Reference `eq:hedge_ratio_carma' on page 24 undefined on input line 513.


LaTeX Warning: Reference `eq:forward_formula' on page 24 undefined on input line 519.


LaTeX Warning: Reference `eq:gkw' on page 24 undefined on input line 557.


empirical.tex:562: LaTeX Error: File `hedging_backtest' not found.

See the LaTeX manual or LaTeX Companion for explanation.
Type  H <return>  for immediate help.
 ...                                              
                                                  
l.562 ...phics[width=\linewidth]{hedging_backtest}
                                                  
I could not locate the file with any of these extensions:
.pdf,.png,.jpg,.mps,.jpeg,.jbig2,.jb2,.PDF,.PNG,.JPG,.JPEG,.JBIG2,.JB2,.eps
Try typing  <return>  to proceed.
If that doesn't work, type  X <return>  to quit.

[24
pdfTeX warning (ext4): destination with the same identifier (name{table.6}) has been already used, duplicate ignored
<argument> ...shipout:D \box_use:N \l_shipout_box 
                                                  \__shipout_drop_firstpage_...
l.569 \end{figure}
                  
pdfTeX warning (ext4): destination with the same identifier (name{table.7}) has been already used, duplicate ignored
<argument> ...shipout:D \box_use:N \l_shipout_box 
                                                  \__shipout_drop_firstpage_...
l.569 \end{figure}
                  ])

LaTeX Warning: Reference `eq:forward_formula' on page 25 undefined on input line 1700.


LaTeX Warning: Reference `eq:lagged_cross_cov' on page 25 undefined on input line 1711.

[25
pdfTeX warning (ext4): destination with the same identifier (name{figure.5}) has been already used, duplicate ignored
<argument> ...shipout:D \box_use:N \l_shipout_box 
                                                  \__shipout_drop_firstpage_...
l.1734 
       ]

LaTeX Warning: Reference `eq:fourier_pricing' on page 26 undefined on input line 1744.


LaTeX Warning: Reference `eq:joint_cf' on page 26 undefined on input line 1746.

(GPK26-new.bbl [26])

Package natbib Warning: There were undefined citations.

[27] (GPK26-new.aux

Package natbib Warning: Citation(s) may have changed.
(natbib)                Rerun to get citations correct.

)
 ***********
LaTeX2e <2025-11-01>
L3 programming layer <2026-03-20>
 ***********


LaTeX Warning: There were undefined references.


LaTeX Warning: Label(s) may have changed. Rerun to get cross-references right.


Package rerunfilecheck Warning: File `GPK26-new.out' has changed.
(rerunfilecheck)                Rerun to get outlines right
(rerunfilecheck)                or use package `bookmark'.

Package rerunfilecheck Info: Checksums for `GPK26-new.out':
(rerunfilecheck)             Before: <no file>
(rerunfilecheck)             After:  44E4D15E16B7FB316DCCEECD42719E36;6746.
 ) 
Here is how much of TeX's memory you used:
 18434 strings out of 467691
 364666 string characters out of 5414988
 746595 words of memory out of 5000000
 46917 multiletter control sequences out of 15000+600000
 712372 words of font info for 97 fonts, out of 8000000 for 9000
 1302 hyphenation exceptions out of 8191
 75i,15n,79p,720b,1289s stack positions out of 10000i,1000n,20000p,200000b,200000s
 <C:\Users\gabri\AppData\Local\MiKTeX\fonts/pk/ljfour/public/bbm/dpi600\bbm10.pk><C:/Users/gabri/AppData/Local/Programs/MiKTeX/fonts/type1/public/lm/lmbx10.pfb><C:/Users/gabri/AppData/Local/Programs/MiKTeX/fonts/type1/public/lm/lmbx9.pfb><C:/Users/gabri/AppData/Local/Programs/MiKTeX/fonts/type1/public/lm/lmcsc10.pfb><C:/Users/gabri/AppData/Local/Programs/MiKTeX/fonts/type1/public/lm/lmex10.pfb><C:/Users/gabri/AppData/Local/Programs/MiKTeX/fonts/type1/public/lm/lmmi10.pfb><C:/Users/gabri/AppData/Local/Programs/MiKTeX/fonts/type1/public/lm/lmmi5.pfb><C:/Users/gabri/AppData/Local/Programs/MiKTeX/fonts/type1/public/lm/lmmi6.pfb><C:/Users/gabri/AppData/Local/Programs/MiKTeX/fonts/type1/public/lm/lmmi7.pfb><C:/Users/gabri/AppData/Local/Programs/MiKTeX/fonts/type1/public/lm/lmmi9.pfb><C:/Users/gabri/AppData/Local/Programs/MiKTeX/fonts/type1/public/lm/lmr10.pfb><C:/Users/gabri/AppData/Local/Programs/MiKTeX/fonts/type1/public/lm/lmr5.pfb><C:/Users/gabri/AppData/Local/Programs/MiKTeX/fonts/type1/public/lm/lmr6.pfb><C:/Users/gabri/AppData/Local/Programs/MiKTeX/fonts/type1/public/lm/lmr7.pfb><C:/Users/gabri/AppData/Local/Programs/MiKTeX/fonts/type1/public/lm/lmr8.pfb><C:/Users/gabri/AppData/Local/Programs/MiKTeX/fonts/type1/public/lm/lmr9.pfb><C:/Users/gabri/AppData/Local/Programs/MiKTeX/fonts/type1/public/lm/lmri10.pfb><C:/Users/gabri/AppData/Local/Programs/MiKTeX/fonts/type1/public/lm/lmri8.pfb><C:/Users/gabri/AppData/Local/Programs/MiKTeX/fonts/type1/public/lm/lmsy10.pfb><C:/Users/gabri/AppData/Local/Programs/MiKTeX/fonts/type1/public/lm/lmsy5.pfb><C:/Users/gabri/AppData/Local/Programs/MiKTeX/fonts/type1/public/lm/lmsy6.pfb><C:/Users/gabri/AppData/Local/Programs/MiKTeX/fonts/type1/public/lm/lmsy7.pfb><C:/Users/gabri/AppData/Local/Programs/MiKTeX/fonts/type1/public/lm/lmsy9.pfb><C:/Users/gabri/AppData/Local/Programs/MiKTeX/fonts/type1/public/lm/lmtt10.pfb><C:/Users/gabri/AppData/Local/Programs/MiKTeX/fonts/type1/public/lm/lmtt8.pfb><C:/Users/gabri/AppData/Local/Programs/MiKTeX/fonts/type1/public/amsfonts/symbols/msam10.pfb><C:/Users/gabri/AppData/Local/Programs/MiKTeX/fonts/type1/public/amsfonts/symbols/msbm10.pfb><C:/Users/gabri/AppData/Local/Programs/MiKTeX/fonts/type1/public/amsfonts/symbols/msbm5.pfb><C:/Users/gabri/AppData/Local/Programs/MiKTeX/fonts/type1/public/amsfonts/symbols/msbm7.pfb>
Output written on GPK26-new.pdf (27 pages, 664479 bytes).
PDF statistics:
 491 PDF objects out of 1000 (max. 8388607)
 190 named destinations out of 1000 (max. 500000)
 1 words of extra memory for PDF output out of 10000 (max. 10000000)

